CC:  boardctl.c
AR:   boardctl.o 
CC:  bch/bchlib_setup.c
CC:  bch/bchlib_teardown.c
CC:  bch/bchlib_read.c
CC:  bch/bchlib_write.c
CC:  bch/bchlib_cache.c
CC:  bch/bchlib_sem.c
CC:  bch/bchdev_register.c
CC:  bch/bchdev_unregister.c
CC:  bch/bchdev_driver.c
CC:  i2c/i2c_read.c
CC:  i2c/i2c_write.c
CC:  i2c/i2c_writeread.c
CC:  loop/losetup.c
CC:  mmcsd/mmcsd_sdio.c
CC:  mtd/ftl.c
CC:  mtd/mtd_config.c
CC:  mtd/mtd_partition.c
CC:  mtd/ramtron.c
CC:  pipes/pipe.c
CC:  pipes/fifo.c
CC:  pipes/pipe_common.c
CC:  serial/serial.c
CC:  serial/serial_io.c
CC:  serial/lowconsole.c
CC:  serial/tcdrain.c
CC:  spi/spi_transfer.c
CC:  syslog/vsyslog.c
CC:  syslog/syslog_stream.c
CC:  syslog/syslog_emergstream.c
CC:  syslog/syslog_channel.c
CC:  syslog/syslog_putc.c
CC:  syslog/syslog_write.c
CC:  syslog/syslog_force.c
CC:  syslog/syslog_flush.c
CC:  syslog/syslog_initialize.c
CC:  syslog/syslog_device.c
CC:  syslog/syslog_consolechannel.c
CC:  timers/watchdog.c
CC:  usbdev/cdcacm.c
CC:  usbdev/cdcacm_desc.c
CC:  usbdev/usbdev_trace.c
CC:  usbdev/usbdev_trprintf.c
CC:  usbhost/hid_parser.c
CC:  dev_null.c
CC:  dev_zero.c
CC:  ramdisk.c
AR:   bchlib_setup.o bchlib_teardown.o bchlib_read.o bchlib_write.o bchlib_cache.o bchlib_sem.o bchdev_register.o bchdev_unregister.o bchdev_driver.o i2c_read.o i2c_write.o i2c_writeread.o losetup.o mmcsd_sdio.o ftl.o mtd_config.o mtd_partition.o ramtron.o pipe.o fifo.o pipe_common.o serial.o serial_io.o lowconsole.o tcdrain.o spi_transfer.o vsyslog.o syslog_stream.o syslog_emergstream.o syslog_channel.o syslog_putc.o syslog_write.o syslog_force.o syslog_flush.o syslog_initialize.o syslog_device.o syslog_consolechannel.o watchdog.o cdcacm.o cdcacm_desc.o usbdev_trace.o usbdev_trprintf.o hid_parser.o dev_null.o dev_zero.o ramdisk.o
